#
# There is insufficient memory for the Java Runtime Environment to continue.
# Native memory allocation (malloc) failed to allocate 32744 bytes. Error detail: Chunk::new
# Possible reasons:
#   The system is out of physical RAM or swap space
#   This process is running with CompressedOops enabled, and the Java Heap may be blocking the growth of the native heap
# Possible solutions:
#   Reduce memory load on the system
#   Increase physical memory or swap space
#   Check if swap backing store is full
#   Decrease Java heap size (-Xmx/-Xms)
#   Decrease number of Java threads
#   Decrease Java thread stack sizes (-Xss)
#   Set larger code cache with -XX:ReservedCodeCacheSize=
#   JVM is running with Unscaled Compressed Oops mode in which the Java heap is
#     placed in the first 4GB address space. The Java Heap base address is the
#     maximum limit for the native heap growth. Please use -XX:HeapBaseMinAddress
#     to set the Java Heap base and to place the Java Heap above 4GB virtual address.
# This output file may be truncated or incomplete.
#
#  Out of Memory Error (arena.cpp:168), pid=3692, tid=12384
#
# JRE version: OpenJDK Runtime Environment Temurin-21.0.3+9 (21.0.3+9) (build 21.0.3+9-LTS)
# Java VM: OpenJDK 64-Bit Server VM Temurin-21.0.3+9 (21.0.3+9-LTS, mixed mode, sharing, tiered, compressed oops, compressed class ptrs, g1 gc, windows-amd64)
# No core dump will be written. Minidumps are not enabled by default on client versions of Windows
#

---------------  S U M M A R Y ------------

Command Line: -Dfile.encoding=UTF-8 -Dstdout.encoding=UTF-8 -Dstderr.encoding=UTF-8 --module-path=C:\Users\Brena Sousa\eclipse-workspace\projetoExtensao\bin;C:\java-libs\javafx-sdk\lib\javafx.base.jar;C:\java-libs\javafx-sdk\lib\javafx.controls.jar;C:\java-libs\javafx-sdk\lib\javafx.fxml.jar;C:\java-libs\javafx-sdk\lib\javafx.graphics.jar;C:\java-libs\javafx-sdk\lib\javafx.media.jar;C:\java-libs\javafx-sdk\lib\javafx.swing.jar;C:\java-libs\javafx-sdk\lib\javafx.web.jar;C:\java-libs\javafx-sdk\lib\javafx-swt.jar;C:\Users\Brena Sousa\.p2\pool\plugins\org.eclipse.fx.ide.css.jfx8_3.8.0.202204150904.jar -XX:+ShowCodeDetailsInExceptionMessages -Djdk.module.main=projetoExtensao projetoExtensao/application.Main

Host: Intel(R) Celeron(R) N4020 CPU @ 1.10GHz, 2 cores, 3G,  Windows 10 , 64 bit Build 19041 (10.0.19041.4842)
Time: Wed Sep 18 11:36:58 2024 Hora oficial do Brasil elapsed time: 0.616724 seconds (0d 0h 0m 0s)

---------------  T H R E A D  ---------------

Current thread (0x000002da22933a70):  JavaThread "C2 CompilerThread0" daemon [_thread_in_native, id=12384, stack(0x000000e032500000,0x000000e032600000) (1024K)]


Current CompileTask:
C2:    616  298       4       java.util.stream.ReferencePipeline$3$1::accept (23 bytes)

Stack: [0x000000e032500000,0x000000e032600000]
Native frames: (J=compiled Java code, j=interpreted, Vv=VM code, C=native code)
V  [jvm.dll+0x6c8699]
V  [jvm.dll+0x8a2061]
V  [jvm.dll+0x8a458e]
V  [jvm.dll+0x8a4c63]
V  [jvm.dll+0x27e476]
V  [jvm.dll+0xc4a1d]
V  [jvm.dll+0xc4f53]
V  [jvm.dll+0xc4b45]
V  [jvm.dll+0x88abfc]
V  [jvm.dll+0xd1a28]
V  [jvm.dll+0x6daf83]
V  [jvm.dll+0x6dc773]
V  [jvm.dll+0x2efe6c]
V  [jvm.dll+0x6dac0d]
V  [jvm.dll+0x6da41e]
V  [jvm.dll+0x6d8514]
V  [jvm.dll+0x1ca20c]
V  [jvm.dll+0x1cad8c]
V  [jvm.dll+0x1cad8c]
V  [jvm.dll+0x2f03dc]
V  [jvm.dll+0x6e2ba9]
V  [jvm.dll+0x6dab83]
V  [jvm.dll+0x6da41e]
V  [jvm.dll+0x6d8514]
V  [jvm.dll+0x1ca20c]
V  [jvm.dll+0x245b0e]
V  [jvm.dll+0x1c6f4e]
V  [jvm.dll+0x255719]
V  [jvm.dll+0x253cba]
V  [jvm.dll+0x3ec1e6]
V  [jvm.dll+0x84bf8b]
V  [jvm.dll+0x6c6dcd]
C  [ucrtbase.dll+0x21bb2]
C  [KERNEL32.DLL+0x17374]
C  [ntdll.dll+0x4cc91]


---------------  P R O C E S S  ---------------

Threads class SMR info:
_java_thread_list=0x000002da22b354d0, length=10, elements={
0x000002da05daa500, 0x000002da0608c3e0, 0x000002da0608d7e0, 0x000002da229303a0,
0x000002da22931820, 0x000002da22932280, 0x000002da22932ce0, 0x000002da22933a70,
0x000002da229a2f90, 0x000002da22b630a0
}

Java Threads: ( => current thread )
  0x000002da05daa500 JavaThread "main"                              [_thread_in_vm, id=6248, stack(0x000000e031700000,0x000000e031800000) (1024K)]
  0x000002da0608c3e0 JavaThread "Reference Handler"          daemon [_thread_blocked, id=13692, stack(0x000000e031f00000,0x000000e032000000) (1024K)]
  0x000002da0608d7e0 JavaThread "Finalizer"                  daemon [_thread_blocked, id=1880, stack(0x000000e032000000,0x000000e032100000) (1024K)]
  0x000002da229303a0 JavaThread "Signal Dispatcher"          daemon [_thread_blocked, id=14224, stack(0x000000e032100000,0x000000e032200000) (1024K)]
  0x000002da22931820 JavaThread "Attach Listener"            daemon [_thread_blocked, id=8168, stack(0x000000e032200000,0x000000e032300000) (1024K)]
  0x000002da22932280 JavaThread "Service Thread"             daemon [_thread_blocked, id=13824, stack(0x000000e032300000,0x000000e032400000) (1024K)]
  0x000002da22932ce0 JavaThread "Monitor Deflation Thread"   daemon [_thread_blocked, id=12248, stack(0x000000e032400000,0x000000e032500000) (1024K)]
=>0x000002da22933a70 JavaThread "C2 CompilerThread0"         daemon [_thread_in_native, id=12384, stack(0x000000e032500000,0x000000e032600000) (1024K)]
  0x000002da229a2f90 JavaThread "C1 CompilerThread0"         daemon [_thread_in_native, id=15032, stack(0x000000e032600000,0x000000e032700000) (1024K)]
  0x000002da22b630a0 JavaThread "Common-Cleaner"             daemon [_thread_blocked, id=12596, stack(0x000000e032700000,0x000000e032800000) (1024K)]
Total: 10

Other Threads:
  0x000002da060704f0 VMThread "VM Thread"                           [id=1672, stack(0x000000e031e00000,0x000000e031f00000) (1024K)]
  0x000002da06056f90 WatcherThread "VM Periodic Task Thread"        [id=9224, stack(0x000000e031d00000,0x000000e031e00000) (1024K)]
  0x000002da05ff0b00 WorkerThread "GC Thread#0"                     [id=14528, stack(0x000000e031800000,0x000000e031900000) (1024K)]
  0x000002da05ff9310 ConcurrentGCThread "G1 Main Marker"            [id=9360, stack(0x000000e031900000,0x000000e031a00000) (1024K)]
  0x000002da05ffa510 WorkerThread "G1 Conc#0"                       [id=14332, stack(0x000000e031a00000,0x000000e031b00000) (1024K)]
  0x000002da060444d0 ConcurrentGCThread "G1 Refine#0"               [id=12792, stack(0x000000e031b00000,0x000000e031c00000) (1024K)]
  0x000002da06045740 ConcurrentGCThread "G1 Service"                [id=10356, stack(0x000000e031c00000,0x000000e031d00000) (1024K)]
Total: 7

Threads with active compile tasks:
C2 CompilerThread0      658  298       4       java.util.stream.ReferencePipeline$3$1::accept (23 bytes)
C1 CompilerThread0      658  304       3       java.lang.invoke.MethodType::equals (56 bytes)
Total: 2

VM state: not at safepoint (normal execution)

VM Mutex/Monitor currently owned by a thread: None

Heap address: 0x00000000c2c00000, size: 980 MB, Compressed Oops mode: 32-bit

CDS archive(s) mapped at: [0x000002da23000000-0x000002da23c90000-0x000002da23c90000), size 13172736, SharedBaseAddress: 0x000002da23000000, ArchiveRelocationMode: 1.
Compressed class space mapped at: 0x000002da24000000-0x000002da64000000, reserved size: 1073741824
Narrow klass base: 0x000002da23000000, Narrow klass shift: 0, Narrow klass range: 0x100000000

GC Precious Log:
 CardTable entry size: 512
 Card Set container configuration: InlinePtr #cards 5 size 8 Array Of Cards #cards 12 size 40 Howl #buckets 4 coarsen threshold 1843 Howl Bitmap #cards 512 size 80 coarsen threshold 460 Card regions per heap region 1 cards per card region 2048
 CPUs: 2 total, 2 available
 Memory: 3916M
 Large Page Support: Disabled
 NUMA Support: Disabled
 Compressed Oops: Enabled (32-bit)
 Heap Region Size: 1M
 Heap Min Capacity: 8M
 Heap Initial Capacity: 62M
 Heap Max Capacity: 980M
 Pre-touch: Disabled
 Parallel Workers: 2
 Concurrent Workers: 1
 Concurrent Refinement Workers: 2
 Periodic GC: Disabled

Heap:
 garbage-first heap   total 63488K, used 4096K [0x00000000c2c00000, 0x0000000100000000)
  region size 1024K, 6 young (6144K), 0 survivors (0K)
 Metaspace       used 747K, committed 896K, reserved 1114112K
  class space    used 58K, committed 128K, reserved 1048576K

Heap Regions: E=young(eden), S=young(survivor), O=old, HS=humongous(starts), HC=humongous(continues), CS=collection set, F=free, TAMS=top-at-mark-start, PB=parsable bottom
|   0|0x00000000c2c00000, 0x00000000c2c00000, 0x00000000c2d00000|  0%| F|  |TAMS 0x00000000c2c00000| PB 0x00000000c2c00000| Untracked 
|   1|0x00000000c2d00000, 0x00000000c2d00000, 0x00000000c2e00000|  0%| F|  |TAMS 0x00000000c2d00000| PB 0x00000000c2d00000| Untracked 
|   2|0x00000000c2e00000, 0x00000000c2e00000, 0x00000000c2f00000|  0%| F|  |TAMS 0x00000000c2e00000| PB 0x00000000c2e00000| Untracked 
|   3|0x00000000c2f00000, 0x00000000c2f00000, 0x00000000c3000000|  0%| F|  |TAMS 0x00000000c2f00000| PB 0x00000000c2f00000| Untracked 
|   4|0x00000000c3000000, 0x00000000c3000000, 0x00000000c3100000|  0%| F|  |TAMS 0x00000000c3000000| PB 0x00000000c3000000| Untracked 
|   5|0x00000000c3100000, 0x00000000c3100000, 0x00000000c3200000|  0%| F|  |TAMS 0x00000000c3100000| PB 0x00000000c3100000| Untracked 
|   6|0x00000000c3200000, 0x00000000c3200000, 0x00000000c3300000|  0%| F|  |TAMS 0x00000000c3200000| PB 0x00000000c3200000| Untracked 
|   7|0x00000000c3300000, 0x00000000c3300000, 0x00000000c3400000|  0%| F|  |TAMS 0x00000000c3300000| PB 0x00000000c3300000| Untracked 
|   8|0x00000000c3400000, 0x00000000c3400000, 0x00000000c3500000|  0%| F|  |TAMS 0x00000000c3400000| PB 0x00000000c3400000| Untracked 
|   9|0x00000000c3500000, 0x00000000c3500000, 0x00000000c3600000|  0%| F|  |TAMS 0x00000000c3500000| PB 0x00000000c3500000| Untracked 
|  10|0x00000000c3600000, 0x00000000c3600000, 0x00000000c3700000|  0%| F|  |TAMS 0x00000000c3600000| PB 0x00000000c3600000| Untracked 
|  11|0x00000000c3700000, 0x00000000c3700000, 0x00000000c3800000|  0%| F|  |TAMS 0x00000000c3700000| PB 0x00000000c3700000| Untracked 
|  12|0x00000000c3800000, 0x00000000c3800000, 0x00000000c3900000|  0%| F|  |TAMS 0x00000000c3800000| PB 0x00000000c3800000| Untracked 
|  13|0x00000000c3900000, 0x00000000c3900000, 0x00000000c3a00000|  0%| F|  |TAMS 0x00000000c3900000| PB 0x00000000c3900000| Untracked 
|  14|0x00000000c3a00000, 0x00000000c3a00000, 0x00000000c3b00000|  0%| F|  |TAMS 0x00000000c3a00000| PB 0x00000000c3a00000| Untracked 
|  15|0x00000000c3b00000, 0x00000000c3b00000, 0x00000000c3c00000|  0%| F|  |TAMS 0x00000000c3b00000| PB 0x00000000c3b00000| Untracked 
|  16|0x00000000c3c00000, 0x00000000c3c00000, 0x00000000c3d00000|  0%| F|  |TAMS 0x00000000c3c00000| PB 0x00000000c3c00000| Untracked 
|  17|0x00000000c3d00000, 0x00000000c3d00000, 0x00000000c3e00000|  0%| F|  |TAMS 0x00000000c3d00000| PB 0x00000000c3d00000| Untracked 
|  18|0x00000000c3e00000, 0x00000000c3e00000, 0x00000000c3f00000|  0%| F|  |TAMS 0x00000000c3e00000| PB 0x00000000c3e00000| Untracked 
|  19|0x00000000c3f00000, 0x00000000c3f00000, 0x00000000c4000000|  0%| F|  |TAMS 0x00000000c3f00000| PB 0x00000000c3f00000| Untracked 
|  20|0x00000000c4000000, 0x00000000c4000000, 0x00000000c4100000|  0%| F|  |TAMS 0x00000000c4000000| PB 0x00000000c4000000| Untracked 
|  21|0x00000000c4100000, 0x00000000c4100000, 0x00000000c4200000|  0%| F|  |TAMS 0x00000000c4100000| PB 0x00000000c4100000| Untracked 
|  22|0x00000000c4200000, 0x00000000c4200000, 0x00000000c4300000|  0%| F|  |TAMS 0x00000000c4200000| PB 0x00000000c4200000| Untracked 
|  23|0x00000000c4300000, 0x00000000c4300000, 0x00000000c4400000|  0%| F|  |TAMS 0x00000000c4300000| PB 0x00000000c4300000| Untracked 
|  24|0x00000000c4400000, 0x00000000c4400000, 0x00000000c4500000|  0%| F|  |TAMS 0x00000000c4400000| PB 0x00000000c4400000| Untracked 
|  25|0x00000000c4500000, 0x00000000c4500000, 0x00000000c4600000|  0%| F|  |TAMS 0x00000000c4500000| PB 0x00000000c4500000| Untracked 
|  26|0x00000000c4600000, 0x00000000c4600000, 0x00000000c4700000|  0%| F|  |TAMS 0x00000000c4600000| PB 0x00000000c4600000| Untracked 
|  27|0x00000000c4700000, 0x00000000c4700000, 0x00000000c4800000|  0%| F|  |TAMS 0x00000000c4700000| PB 0x00000000c4700000| Untracked 
|  28|0x00000000c4800000, 0x00000000c4800000, 0x00000000c4900000|  0%| F|  |TAMS 0x00000000c4800000| PB 0x00000000c4800000| Untracked 
|  29|0x00000000c4900000, 0x00000000c4900000, 0x00000000c4a00000|  0%| F|  |TAMS 0x00000000c4900000| PB 0x00000000c4900000| Untracked 
|  30|0x00000000c4a00000, 0x00000000c4a00000, 0x00000000c4b00000|  0%| F|  |TAMS 0x00000000c4a00000| PB 0x00000000c4a00000| Untracked 
|  31|0x00000000c4b00000, 0x00000000c4b00000, 0x00000000c4c00000|  0%| F|  |TAMS 0x00000000c4b00000| PB 0x00000000c4b00000| Untracked 
|  32|0x00000000c4c00000, 0x00000000c4c00000, 0x00000000c4d00000|  0%| F|  |TAMS 0x00000000c4c00000| PB 0x00000000c4c00000| Untracked 
|  33|0x00000000c4d00000, 0x00000000c4d00000, 0x00000000c4e00000|  0%| F|  |TAMS 0x00000000c4d00000| PB 0x00000000c4d00000| Untracked 
|  34|0x00000000c4e00000, 0x00000000c4e00000, 0x00000000c4f00000|  0%| F|  |TAMS 0x00000000c4e00000| PB 0x00000000c4e00000| Untracked 
|  35|0x00000000c4f00000, 0x00000000c4f00000, 0x00000000c5000000|  0%| F|  |TAMS 0x00000000c4f00000| PB 0x00000000c4f00000| Untracked 
|  36|0x00000000c5000000, 0x00000000c5000000, 0x00000000c5100000|  0%| F|  |TAMS 0x00000000c5000000| PB 0x00000000c5000000| Untracked 
|  37|0x00000000c5100000, 0x00000000c5100000, 0x00000000c5200000|  0%| F|  |TAMS 0x00000000c5100000| PB 0x00000000c5100000| Untracked 
|  38|0x00000000c5200000, 0x00000000c5200000, 0x00000000c5300000|  0%| F|  |TAMS 0x00000000c5200000| PB 0x00000000c5200000| Untracked 
|  39|0x00000000c5300000, 0x00000000c5300000, 0x00000000c5400000|  0%| F|  |TAMS 0x00000000c5300000| PB 0x00000000c5300000| Untracked 
|  40|0x00000000c5400000, 0x00000000c5400000, 0x00000000c5500000|  0%| F|  |TAMS 0x00000000c5400000| PB 0x00000000c5400000| Untracked 
|  41|0x00000000c5500000, 0x00000000c5500000, 0x00000000c5600000|  0%| F|  |TAMS 0x00000000c5500000| PB 0x00000000c5500000| Untracked 
|  42|0x00000000c5600000, 0x00000000c5600000, 0x00000000c5700000|  0%| F|  |TAMS 0x00000000c5600000| PB 0x00000000c5600000| Untracked 
|  43|0x00000000c5700000, 0x00000000c5700000, 0x00000000c5800000|  0%| F|  |TAMS 0x00000000c5700000| PB 0x00000000c5700000| Untracked 
|  44|0x00000000c5800000, 0x00000000c5800000, 0x00000000c5900000|  0%| F|  |TAMS 0x00000000c5800000| PB 0x00000000c5800000| Untracked 
|  45|0x00000000c5900000, 0x00000000c5900000, 0x00000000c5a00000|  0%| F|  |TAMS 0x00000000c5900000| PB 0x00000000c5900000| Untracked 
|  46|0x00000000c5a00000, 0x00000000c5a00000, 0x00000000c5b00000|  0%| F|  |TAMS 0x00000000c5a00000| PB 0x00000000c5a00000| Untracked 
|  47|0x00000000c5b00000, 0x00000000c5b00000, 0x00000000c5c00000|  0%| F|  |TAMS 0x00000000c5b00000| PB 0x00000000c5b00000| Untracked 
|  48|0x00000000c5c00000, 0x00000000c5c00000, 0x00000000c5d00000|  0%| F|  |TAMS 0x00000000c5c00000| PB 0x00000000c5c00000| Untracked 
|  49|0x00000000c5d00000, 0x00000000c5d00000, 0x00000000c5e00000|  0%| F|  |TAMS 0x00000000c5d00000| PB 0x00000000c5d00000| Untracked 
|  50|0x00000000c5e00000, 0x00000000c5e00000, 0x00000000c5f00000|  0%| F|  |TAMS 0x00000000c5e00000| PB 0x00000000c5e00000| Untracked 
|  51|0x00000000c5f00000, 0x00000000c5f00000, 0x00000000c6000000|  0%| F|  |TAMS 0x00000000c5f00000| PB 0x00000000c5f00000| Untracked 
|  52|0x00000000c6000000, 0x00000000c6000000, 0x00000000c6100000|  0%| F|  |TAMS 0x00000000c6000000| PB 0x00000000c6000000| Untracked 
|  53|0x00000000c6100000, 0x00000000c6100000, 0x00000000c6200000|  0%| F|  |TAMS 0x00000000c6100000| PB 0x00000000c6100000| Untracked 
|  54|0x00000000c6200000, 0x00000000c6200000, 0x00000000c6300000|  0%| F|  |TAMS 0x00000000c6200000| PB 0x00000000c6200000| Untracked 
|  55|0x00000000c6300000, 0x00000000c6300000, 0x00000000c6400000|  0%| F|  |TAMS 0x00000000c6300000| PB 0x00000000c6300000| Untracked 
|  56|0x00000000c6400000, 0x00000000c643df78, 0x00000000c6500000| 24%| E|  |TAMS 0x00000000c6400000| PB 0x00000000c6400000| Complete 
|  57|0x00000000c6500000, 0x00000000c6600000, 0x00000000c6600000|100%| E|CS|TAMS 0x00000000c6500000| PB 0x00000000c6500000| Complete 
|  58|0x00000000c6600000, 0x00000000c6700000, 0x00000000c6700000|100%| E|CS|TAMS 0x00000000c6600000| PB 0x00000000c6600000| Complete 
|  59|0x00000000c6700000, 0x00000000c67fffc0, 0x00000000c6800000| 99%| E|  |TAMS 0x00000000c6700000| PB 0x00000000c6700000| Complete 
|  60|0x00000000c6800000, 0x00000000c6900000, 0x00000000c6900000|100%| E|CS|TAMS 0x00000000c6800000| PB 0x00000000c6800000| Complete 
|  61|0x00000000c6900000, 0x00000000c6a00000, 0x00000000c6a00000|100%| E|CS|TAMS 0x00000000c6900000| PB 0x00000000c6900000| Complete 

Card table byte_map: [0x000002da1f470000,0x000002da1f660000] _byte_map_base: 0x000002da1ee5a000

Marking Bits: (CMBitMap*) 0x000002da05ff0fb0
 Bits: [0x000002da1f660000, 0x000002da205b0000)

Polling page: 0x000002da0fe50000

Metaspace:

Usage:
  Non-class:    690.01 KB used.
      Class:     58.62 KB used.
       Both:    748.63 KB used.

Virtual space:
  Non-class space:       64.00 MB reserved,     768.00 KB (  1%) committed,  1 nodes.
      Class space:        1.00 GB reserved,     128.00 KB ( <1%) committed,  1 nodes.
             Both:        1.06 GB reserved,     896.00 KB ( <1%) committed. 

Chunk freelists:
   Non-Class:  11.99 MB
       Class:  15.74 MB
        Both:  27.73 MB

MaxMetaspaceSize: unlimited
CompressedClassSpaceSize: 1.00 GB
Initial GC threshold: 21.00 MB
Current GC threshold: 21.00 MB
CDS: on
 - commit_granule_bytes: 65536.
 - commit_granule_words: 8192.
 - virtual_space_node_default_size: 8388608.
 - enlarge_chunks_in_place: 1.
 - use_allocation_guard: 0.


Internal statistics:

num_allocs_failed_limit: 0.
num_arena_births: 12.
num_arena_deaths: 0.
num_vsnodes_births: 2.
num_vsnodes_deaths: 0.
num_space_committed: 14.
num_space_uncommitted: 0.
num_chunks_returned_to_freelist: 0.
num_chunks_taken_from_freelist: 13.
num_chunk_merges: 0.
num_chunk_splits: 9.
num_chunks_enlarged: 5.
num_inconsistent_stats: 0.

CodeHeap 'non-profiled nmethods': size=120064Kb used=89Kb max_used=89Kb free=119974Kb
 bounds [0x000002da17930000, 0x000002da17ba0000, 0x000002da1ee70000]
CodeHeap 'profiled nmethods': size=120000Kb used=498Kb max_used=498Kb free=119501Kb
 bounds [0x000002da0fe70000, 0x000002da100e0000, 0x000002da173a0000]
CodeHeap 'non-nmethods': size=5696Kb used=1297Kb max_used=1313Kb free=4398Kb
 bounds [0x000002da173a0000, 0x000002da17610000, 0x000002da17930000]
 total_blobs=714 nmethods=302 adapters=317
 compilation: enabled
              stopped_count=0, restarted_count=0
 full_count=0

Compilation events (20 events):
Event: 0.569 Thread 0x000002da229a2f90  289       3       java.lang.StringUTF16::compress (50 bytes)
Event: 0.570 Thread 0x000002da229a2f90 nmethod 289 0x000002da0fee3090 code [0x000002da0fee3240, 0x000002da0fee3480]
Event: 0.575 Thread 0x000002da229a2f90  290       3       java.io.DataInputStream::readUTF (501 bytes)
Event: 0.578 Thread 0x000002da229a2f90 nmethod 290 0x000002da0fee3610 code [0x000002da0fee3a40, 0x000002da0fee58b0]
Event: 0.579 Thread 0x000002da22933a70 nmethod 288 0x000002da17944510 code [0x000002da17944700, 0x000002da179451a0]
Event: 0.580 Thread 0x000002da229a2f90  291       3       jdk.internal.module.ModuleInfo$ConstantPool::checkIndex (21 bytes)
Event: 0.580 Thread 0x000002da229a2f90 nmethod 291 0x000002da0fee6410 code [0x000002da0fee65c0, 0x000002da0fee6780]
Event: 0.580 Thread 0x000002da229a2f90  292       3       java.util.HashMap$KeyIterator::next (8 bytes)
Event: 0.581 Thread 0x000002da229a2f90 nmethod 292 0x000002da0fee6890 code [0x000002da0fee6a40, 0x000002da0fee6b80]
Event: 0.581 Thread 0x000002da229a2f90  293       3       java.util.HashMap::getNode (150 bytes)
Event: 0.582 Thread 0x000002da229a2f90 nmethod 293 0x000002da0fee6c90 code [0x000002da0fee6ee0, 0x000002da0fee7a78]
Event: 0.582 Thread 0x000002da229a2f90  294       1       java.util.HashMap::size (5 bytes)
Event: 0.582 Thread 0x000002da229a2f90 nmethod 294 0x000002da17945a10 code [0x000002da17945ba0, 0x000002da17945c68]
Event: 0.582 Thread 0x000002da229a2f90  295       3       java.util.AbstractSet::<init> (5 bytes)
Event: 0.582 Thread 0x000002da229a2f90 nmethod 295 0x000002da0fee7d90 code [0x000002da0fee7f40, 0x000002da0fee8108]
Event: 0.582 Thread 0x000002da229a2f90  296       3       java.util.AbstractMap::<init> (5 bytes)
Event: 0.582 Thread 0x000002da229a2f90 nmethod 296 0x000002da0fee8210 code [0x000002da0fee83c0, 0x000002da0fee8528]
Event: 0.583 Thread 0x000002da22933a70  297       4       java.lang.Character::charCount (12 bytes)
Event: 0.583 Thread 0x000002da22933a70 nmethod 297 0x000002da17945d10 code [0x000002da17945ea0, 0x000002da17945f28]
Event: 0.587 Thread 0x000002da22933a70  298       4       java.util.stream.ReferencePipeline$3$1::accept (23 bytes)

GC Heap History (0 events):
No events

Dll operation events (5 events):
Event: 0.017 Loaded shared library C:\Program Files\Eclipse Adoptium\jdk-21.0.3.9-hotspot\bin\java.dll
Event: 0.132 Loaded shared library C:\Program Files\Eclipse Adoptium\jdk-21.0.3.9-hotspot\bin\jsvml.dll
Event: 0.238 Loaded shared library C:\Program Files\Eclipse Adoptium\jdk-21.0.3.9-hotspot\bin\net.dll
Event: 0.240 Loaded shared library C:\Program Files\Eclipse Adoptium\jdk-21.0.3.9-hotspot\bin\nio.dll
Event: 0.363 Loaded shared library C:\Program Files\Eclipse Adoptium\jdk-21.0.3.9-hotspot\bin\zip.dll

Deoptimization events (6 events):
Event: 0.453 Thread 0x000002da05daa500 Uncommon trap: trap_request=0xffffff45 fr.pc=0x000002da1793e73c relative=0x000000000000009c
Event: 0.453 Thread 0x000002da05daa500 Uncommon trap: reason=unstable_if action=reinterpret pc=0x000002da1793e73c method=java.lang.CharacterDataLatin1.isJavaIdentifierPart(I)Z @ 11 c2
Event: 0.453 Thread 0x000002da05daa500 DEOPT PACKING pc=0x000002da1793e73c sp=0x000000e0317fdfe0
Event: 0.453 Thread 0x000002da05daa500 DEOPT UNPACKING pc=0x000002da173f469c sp=0x000000e0317fdf58 mode 2
Event: 0.494 Thread 0x000002da05daa500 DEOPT PACKING pc=0x000002da0fec2a17 sp=0x000000e0317fdf40
Event: 0.494 Thread 0x000002da05daa500 DEOPT UNPACKING pc=0x000002da173f4e23 sp=0x000000e0317fd460 mode 0

Classes loaded (20 events):
Event: 0.287 Loading class sun/nio/fs/WindowsDirectoryStream
Event: 0.287 Loading class java/nio/file/DirectoryStream
Event: 0.287 Loading class java/nio/file/DirectoryStream done
Event: 0.287 Loading class sun/nio/fs/WindowsDirectoryStream done
Event: 0.287 Loading class java/nio/file/FileTreeWalker$DirectoryNode
Event: 0.287 Loading class java/nio/file/FileTreeWalker$DirectoryNode done
Event: 0.287 Loading class sun/nio/fs/WindowsDirectoryStream$WindowsDirectoryIterator
Event: 0.287 Loading class sun/nio/fs/WindowsDirectoryStream$WindowsDirectoryIterator done
Event: 0.287 Loading class java/nio/file/FileTreeWalker$Event
Event: 0.288 Loading class java/nio/file/FileTreeWalker$Event done
Event: 0.288 Loading class java/nio/file/FileTreeWalker$EventType
Event: 0.288 Loading class java/nio/file/FileTreeWalker$EventType done
Event: 0.320 Loading class sun/nio/fs/WindowsPath$WindowsPathWithAttributes
Event: 0.320 Loading class sun/nio/fs/BasicFileAttributesHolder
Event: 0.320 Loading class sun/nio/fs/BasicFileAttributesHolder done
Event: 0.320 Loading class sun/nio/fs/WindowsPath$WindowsPathWithAttributes done
Event: 0.457 Loading class java/util/WeakHashMap$KeyIterator
Event: 0.457 Loading class java/util/WeakHashMap$HashIterator
Event: 0.458 Loading class java/util/WeakHashMap$HashIterator done
Event: 0.458 Loading class java/util/WeakHashMap$KeyIterator done

Classes unloaded (0 events):
No events

Classes redefined (0 events):
No events

Internal exceptions (2 events):
Event: 0.289 Thread 0x000002da05daa500 Exception <a 'java/lang/NoSuchMethodError'{0x00000000c680c2f8}: 'void java.lang.invoke.DirectMethodHandle$Holder.invokeVirtual(java.lang.Object, java.lang.Object)'> (0x00000000c680c2f8) 
thrown [s\src\hotspot\share\interpreter\linkResolver.cpp, line 773]
Event: 0.305 Thread 0x000002da05daa500 Exception <a 'java/lang/NoSuchMethodError'{0x00000000c6817408}: 'java.lang.Object java.lang.invoke.DirectMethodHandle$Holder.invokeInterface(java.lang.Object, java.lang.Object, java.lang.Object)'> (0x00000000c6817408) 
thrown [s\src\hotspot\share\interpreter\linkResolver.cpp, line 773]

ZGC Phase Switch (0 events):
No events

VM Operations (0 events):
No events

Events (10 events):
Event: 0.083 Thread 0x000002da05daa500 Thread added: 0x000002da05daa500
Event: 0.127 Thread 0x000002da0608c3e0 Thread added: 0x000002da0608c3e0
Event: 0.128 Thread 0x000002da0608d7e0 Thread added: 0x000002da0608d7e0
Event: 0.129 Thread 0x000002da229303a0 Thread added: 0x000002da229303a0
Event: 0.129 Thread 0x000002da22931820 Thread added: 0x000002da22931820
Event: 0.129 Thread 0x000002da22932280 Thread added: 0x000002da22932280
Event: 0.129 Thread 0x000002da22932ce0 Thread added: 0x000002da22932ce0
Event: 0.130 Thread 0x000002da22933a70 Thread added: 0x000002da22933a70
Event: 0.146 Thread 0x000002da229a2f90 Thread added: 0x000002da229a2f90
Event: 0.226 Thread 0x000002da22b630a0 Thread added: 0x000002da22b630a0


Dynamic libraries:
0x00007ff7b1d20000 - 0x00007ff7b1d2e000 	C:\Program Files\Eclipse Adoptium\jdk-21.0.3.9-hotspot\bin\javaw.exe
0x00007ff93c310000 - 0x00007ff93c508000 	C:\Windows\SYSTEM32\ntdll.dll
0x00007ff93a710000 - 0x00007ff93a7d1000 	C:\Windows\System32\KERNEL32.DLL
0x00007ff939e50000 - 0x00007ff93a14d000 	C:\Windows\System32\KERNELBASE.dll
0x00007ff939bf0000 - 0x00007ff939cf0000 	C:\Windows\System32\ucrtbase.dll
0x00007ff932cd0000 - 0x00007ff932ce8000 	C:\Program Files\Eclipse Adoptium\jdk-21.0.3.9-hotspot\bin\jli.dll
0x00007ff93c130000 - 0x00007ff93c2cd000 	C:\Windows\System32\USER32.dll
0x00007ff93a310000 - 0x00007ff93a332000 	C:\Windows\System32\win32u.dll
0x00007ff93bab0000 - 0x00007ff93badb000 	C:\Windows\System32\GDI32.dll
0x00007ff93a150000 - 0x00007ff93a267000 	C:\Windows\System32\gdi32full.dll
0x00007ff939b00000 - 0x00007ff939b9d000 	C:\Windows\System32\msvcp_win.dll
0x00007ff930210000 - 0x00007ff93022b000 	C:\Program Files\Eclipse Adoptium\jdk-21.0.3.9-hotspot\bin\VCRUNTIME140.dll
0x00007ff92c610000 - 0x00007ff92c8aa000 	C:\Windows\WinSxS\amd64_microsoft.windows.common-controls_6595b64144ccf1df_6.0.19041.4355_none_60b8b9eb71f62e16\COMCTL32.dll
0x00007ff93bae0000 - 0x00007ff93bb7e000 	C:\Windows\System32\msvcrt.dll
0x00007ff93b560000 - 0x00007ff93b58f000 	C:\Windows\System32\IMM32.DLL
0x00007ff932e50000 - 0x00007ff932e5c000 	C:\Program Files\Eclipse Adoptium\jdk-21.0.3.9-hotspot\bin\vcruntime140_1.dll
0x00007ff912b90000 - 0x00007ff912c1e000 	C:\Program Files\Eclipse Adoptium\jdk-21.0.3.9-hotspot\bin\msvcp140.dll
0x00007ff9004f0000 - 0x00007ff901272000 	C:\Program Files\Eclipse Adoptium\jdk-21.0.3.9-hotspot\bin\server\jvm.dll
0x00007ff93a660000 - 0x00007ff93a710000 	C:\Windows\System32\ADVAPI32.dll
0x00007ff93b120000 - 0x00007ff93b1c0000 	C:\Windows\System32\sechost.dll
0x00007ff93a470000 - 0x00007ff93a593000 	C:\Windows\System32\RPCRT4.dll
0x00007ff93a2e0000 - 0x00007ff93a307000 	C:\Windows\System32\bcrypt.dll
0x00007ff93c0c0000 - 0x00007ff93c12b000 	C:\Windows\System32\WS2_32.dll
0x00007ff939820000 - 0x00007ff93986b000 	C:\Windows\SYSTEM32\POWRPROF.dll
0x00007ff911750000 - 0x00007ff911777000 	C:\Windows\SYSTEM32\WINMM.dll
0x00007ff932e00000 - 0x00007ff932e0a000 	C:\Windows\SYSTEM32\VERSION.dll
0x00007ff939750000 - 0x00007ff939762000 	C:\Windows\SYSTEM32\UMPDC.dll
0x00007ff938230000 - 0x00007ff938242000 	C:\Windows\SYSTEM32\kernel.appcore.dll
0x00007ff933940000 - 0x00007ff93394a000 	C:\Program Files\Eclipse Adoptium\jdk-21.0.3.9-hotspot\bin\jimage.dll
0x00007ff937f00000 - 0x00007ff9380e4000 	C:\Windows\SYSTEM32\DBGHELP.DLL
0x00007ff931740000 - 0x00007ff931774000 	C:\Windows\SYSTEM32\dbgcore.DLL
0x00007ff939a70000 - 0x00007ff939af2000 	C:\Windows\System32\bcryptPrimitives.dll
0x00007ff933880000 - 0x00007ff93389f000 	C:\Program Files\Eclipse Adoptium\jdk-21.0.3.9-hotspot\bin\java.dll
0x00007ff93a7e0000 - 0x00007ff93af4f000 	C:\Windows\System32\SHELL32.dll
0x00007ff937740000 - 0x00007ff937ee3000 	C:\Windows\SYSTEM32\windows.storage.dll
0x00007ff93bc60000 - 0x00007ff93bfb3000 	C:\Windows\System32\combase.dll
0x00007ff939380000 - 0x00007ff9393ae000 	C:\Windows\SYSTEM32\Wldp.dll
0x00007ff93afd0000 - 0x00007ff93b09d000 	C:\Windows\System32\OLEAUT32.dll
0x00007ff93b590000 - 0x00007ff93b63d000 	C:\Windows\System32\SHCORE.dll
0x00007ff93a600000 - 0x00007ff93a655000 	C:\Windows\System32\shlwapi.dll
0x00007ff9398f0000 - 0x00007ff939914000 	C:\Windows\SYSTEM32\profapi.dll
0x00007ff930040000 - 0x00007ff930117000 	C:\Program Files\Eclipse Adoptium\jdk-21.0.3.9-hotspot\bin\jsvml.dll
0x00007ff933960000 - 0x00007ff933970000 	C:\Program Files\Eclipse Adoptium\jdk-21.0.3.9-hotspot\bin\net.dll
0x00007ff92f9a0000 - 0x00007ff92faad000 	C:\Windows\SYSTEM32\WINHTTP.dll
0x00007ff939080000 - 0x00007ff9390ea000 	C:\Windows\system32\mswsock.dll
0x00007ff9335c0000 - 0x00007ff9335d6000 	C:\Program Files\Eclipse Adoptium\jdk-21.0.3.9-hotspot\bin\nio.dll
0x00007ff9332c0000 - 0x00007ff9332d8000 	C:\Program Files\Eclipse Adoptium\jdk-21.0.3.9-hotspot\bin\zip.dll

dbghelp: loaded successfully - version: 4.0.5 - missing functions: none
symbol engine: initialized successfully - sym options: 0x614 - pdb path: .;C:\Program Files\Eclipse Adoptium\jdk-21.0.3.9-hotspot\bin;C:\Windows\SYSTEM32;C:\Windows\WinSxS\amd64_microsoft.windows.common-controls_6595b64144ccf1df_6.0.19041.4355_none_60b8b9eb71f62e16;C:\Program Files\Eclipse Adoptium\jdk-21.0.3.9-hotspot\bin\server

VM Arguments:
jvm_args: -Dfile.encoding=UTF-8 -Dstdout.encoding=UTF-8 -Dstderr.encoding=UTF-8 --module-path=C:\Users\Brena Sousa\eclipse-workspace\projetoExtensao\bin;C:\java-libs\javafx-sdk\lib\javafx.base.jar;C:\java-libs\javafx-sdk\lib\javafx.controls.jar;C:\java-libs\javafx-sdk\lib\javafx.fxml.jar;C:\java-libs\javafx-sdk\lib\javafx.graphics.jar;C:\java-libs\javafx-sdk\lib\javafx.media.jar;C:\java-libs\javafx-sdk\lib\javafx.swing.jar;C:\java-libs\javafx-sdk\lib\javafx.web.jar;C:\java-libs\javafx-sdk\lib\javafx-swt.jar;C:\Users\Brena Sousa\.p2\pool\plugins\org.eclipse.fx.ide.css.jfx8_3.8.0.202204150904.jar -XX:+ShowCodeDetailsInExceptionMessages -Djdk.module.main=projetoExtensao 
java_command: projetoExtensao/application.Main
java_class_path (initial): <not set>
Launcher Type: SUN_STANDARD

[Global flags]
     intx CICompilerCount                          = 2                                         {product} {ergonomic}
     uint ConcGCThreads                            = 1                                         {product} {ergonomic}
     uint G1ConcRefinementThreads                  = 2                                         {product} {ergonomic}
   size_t G1HeapRegionSize                         = 1048576                                   {product} {ergonomic}
    uintx GCDrainStackTargetSize                   = 64                                        {product} {ergonomic}
   size_t InitialHeapSize                          = 65011712                                  {product} {ergonomic}
   size_t MarkStackSize                            = 4194304                                   {product} {ergonomic}
   size_t MaxHeapSize                              = 1027604480                                {product} {ergonomic}
   size_t MaxNewSize                               = 616562688                                 {product} {ergonomic}
   size_t MinHeapDeltaBytes                        = 1048576                                   {product} {ergonomic}
   size_t MinHeapSize                              = 8388608                                   {product} {ergonomic}
    uintx NonNMethodCodeHeapSize                   = 5826188                                {pd product} {ergonomic}
    uintx NonProfiledCodeHeapSize                  = 122916026                              {pd product} {ergonomic}
    uintx ProfiledCodeHeapSize                     = 122916026                              {pd product} {ergonomic}
    uintx ReservedCodeCacheSize                    = 251658240                              {pd product} {ergonomic}
     bool SegmentedCodeCache                       = true                                      {product} {ergonomic}
     bool ShowCodeDetailsInExceptionMessages       = true                                   {manageable} {command line}
   size_t SoftMaxHeapSize                          = 1027604480                             {manageable} {ergonomic}
     bool UseCompressedOops                        = true                           {product lp64_product} {ergonomic}
     bool UseG1GC                                  = true                                      {product} {ergonomic}
     bool UseLargePagesIndividualAllocation        = false                                  {pd product} {ergonomic}

Logging:
Log output configuration:
 #0: stdout all=warning uptime,level,tags foldmultilines=false
 #1: stderr all=off uptime,level,tags foldmultilines=false

Environment Variables:
JAVA_HOME=C:\Program Files\Eclipse Adoptium\jdk-21.0.3.9-hotspot\
PATH=C:/Program Files/Eclipse Adoptium/jdk-21.0.3.9-hotspot/bin/server;C:/Program Files/Eclipse Adoptium/jdk-21.0.3.9-hotspot/bin;C:\Program Files\Eclipse Adoptium\jdk-21.0.3.9-hotspot\bin;C:\Windows\system32;C:\Windows;C:\Windows\System32\Wbem;C:\Windows\System32\WindowsPowerShell\v1.0\;C:\Windows\System32\OpenSSH\;C:\Program Files\Git\cmd;C:\Users\Brena Sousa\AppData\Local\Microsoft\WindowsApps;C:\Users\Brena Sousa\AppData\Local\Programs\Microsoft VS Code\bin;C:\Users\Brena Sousa\Desktop;
USERNAME=Brena Sousa
OS=Windows_NT
PROCESSOR_IDENTIFIER=Intel64 Family 6 Model 122 Stepping 8, GenuineIntel
TMP=C:\Users\BRENAS~1\AppData\Local\Temp
TEMP=C:\Users\BRENAS~1\AppData\Local\Temp




Periodic native trim disabled

---------------  S Y S T E M  ---------------

OS:
 Windows 10 , 64 bit Build 19041 (10.0.19041.4842)
OS uptime: 3 days 11:43 hours

CPU: total 2 (initial active 2) (2 cores per cpu, 1 threads per core) family 6 model 122 stepping 8 microcode 0x16, cx8, cmov, fxsr, mmx, 3dnowpref, sse, sse2, sse3, ssse3, sse4.1, sse4.2, popcnt, tsc, tscinvbit, aes, erms, clmul, sha, clflush, clflushopt, rdtscp, rdpid
Processor Information for all 2 processors :
  Max Mhz: 1101, Current Mhz: 1101, Mhz Limit: 1101

Memory: 4k page, system-wide physical 3916M (508M free)
TotalPageFile size 15692M (AvailPageFile size 0M)
current process WorkingSet (physical memory assigned to process): 42M, peak: 42M
current process commit charge ("private bytes"): 131M, peak: 131M

vm_info: OpenJDK 64-Bit Server VM (21.0.3+9-LTS) for windows-amd64 JRE (21.0.3+9-LTS), built on 2024-04-16T00:00:00Z by "admin" with MS VC++ 17.7 (VS2022)

END.
